2025-12-26 15:44:01,861 | INFO | src.gui.main_window | scraping_worker | {"'ScrapperOptimized' object has no attribute 'scrapping'"}
2025-12-26 15:49:43,578 | INFO | src.gui.main_window | scraping_worker | {"'ScrapperOptimized' object has no attribute 'scrapping'"}
2025-12-26 16:16:22,072 | INFO | src.gui.main_window | scraping_worker | {"'ScrapperOptimized' object has no attribute 'scrapping'"}
2025-12-26 16:22:40,930 | INFO | src.gui.main_window | scraping_worker | {"'ScrapperOptimized' object has no attribute 'scrapping'"}
2025-12-26 16:24:13,322 | INFO | src.gui.main_window | scraping_worker | {"'Logger' object has no attribute 'basicConfig'"}
2025-12-26 16:25:30,632 | INFO | src.core.scraper | scrape_all |  Начало скраппинга...
2025-12-26 16:25:30,635 | ERROR | src.core.scraper | scrape_all |  Ошибка чтения CSV: [Errno 2] No such file or directory: 'c:\\Users\\Lenovo\\Desktop\\vuzopedia_scrapping\\src\\core\\data\\necessary_notes.csv'
2025-12-26 16:25:30,635 | INFO | src.gui.main_window | scraping_worker | {"unsupported operand type(s) for +: 'CTkEntry' and 'str'"}
2025-12-26 16:31:11,209 | INFO | src.core.scraper | scrape_all |  Начало скраппинга...
2025-12-26 16:31:11,210 | ERROR | src.core.scraper | scrape_all |  Ошибка чтения CSV: [Errno 2] No such file or directory: 'c:\\Users\\Lenovo\\Desktop\\vuzopedia_scrapping\\src\\core\\data\\necessary_notes.csv'
2025-12-26 16:36:42,881 | INFO | src.core.scraper | scrape_all |  Начало скраппинга...
2025-12-26 16:36:42,888 | INFO | src.core.scraper | scrape_all | Загружено университетов: 264
2025-12-26 16:36:42,890 | INFO | src.core.scraper | scrape_university | 
 Обработка: Санкт-Петербургский университет технологий управления и экономики (1064)
2025-12-26 16:36:52,693 | INFO | src.core.scraper | scrape_university | 
 Обработка: Балтийский государственный технический университет «ВОЕНМЕХ» имени Д. Ф. Устинова (1069)
2025-12-26 16:37:10,981 | INFO | src.core.scraper | scrape_university | 
 Обработка: Государственный университет морского и речного флота имени адмирала С. О. Макарова (1082)
2025-12-26 16:37:19,686 | INFO | src.core.scraper | scrape_university | 
 Обработка: Санкт-Петербургский государственный аграрный университет (1085)
2025-12-26 16:37:28,783 | INFO | src.core.scraper | scrape_university | 
 Обработка: Санкт-Петербургский государственный университет ветеринарной медицины (1092)
2025-12-26 16:37:31,042 | INFO | src.core.scraper | scrape_university | 
 Обработка: Балтийская академия туризма и предпринимательства (1094)
2025-12-26 16:37:34,450 | INFO | src.core.scraper | scrape_university | 
 Обработка: Санкт-Петербургский государственный архитектурно-строительный университет (1108)
2025-12-26 16:37:49,662 | INFO | src.core.scraper | scrape_university | 
 Обработка: Санкт-Петербургская академия художеств имени Ильи Репина (1116)
2025-12-26 16:37:55,474 | INFO | src.core.scraper | scrape_university | 
 Обработка: Ленинградский государственный университет имени А. С. Пушкина (1122)
2025-12-26 16:38:11,032 | INFO | src.core.scraper | scrape_university | 
 Обработка: Российский государственный педагогический университет имени А. И. Герцена (1147)
2025-12-26 17:10:08,495 | INFO | src.core.scraper | scrape_all |  Начало скраппинга...
2025-12-26 17:10:08,498 | INFO | src.core.scraper | scrape_all | Загружено университетов: 264
2025-12-26 17:10:08,500 | INFO | src.core.scraper | scrape_university | 
 Обработка: Санкт-Петербургский университет технологий управления и экономики (1064)
2025-12-26 17:10:17,893 | INFO | src.core.scraper | scrape_university | 
 Обработка: Балтийский государственный технический университет «ВОЕНМЕХ» имени Д. Ф. Устинова (1069)
2025-12-26 22:34:55,679 | INFO | src.core.scraper | scrape_all |  Начало скраппинга...
2025-12-26 22:34:55,688 | INFO | src.core.scraper | scrape_all | Загружено университетов: 264
2025-12-26 22:34:55,691 | INFO | src.core.scraper | scrape_university | 
 Обработка: Санкт-Петербургский университет технологий управления и экономики (1064)
2025-12-26 22:35:04,727 | INFO | src.core.scraper | scrape_university | 
 Обработка: Балтийский государственный технический университет «ВОЕНМЕХ» имени Д. Ф. Устинова (1069)
2025-12-26 22:35:23,379 | INFO | src.core.scraper | scrape_university | 
 Обработка: Государственный университет морского и речного флота имени адмирала С. О. Макарова (1082)
2025-12-26 22:35:32,273 | INFO | src.core.scraper | scrape_university | 
 Обработка: Санкт-Петербургский государственный аграрный университет (1085)
2025-12-26 22:37:32,887 | INFO | src.core.scraper | scrape_all |  Начало скраппинга...
2025-12-26 22:37:32,890 | INFO | src.core.scraper | scrape_all | Загружено университетов: 264
2025-12-26 22:37:32,892 | INFO | src.core.scraper | scrape_university | 
 Обработка: Санкт-Петербургский университет технологий управления и экономики (1064)
2025-12-26 22:39:04,575 | INFO | src.core.scraper | scrape_all |  Начало скраппинга...
2025-12-26 22:39:04,580 | INFO | src.core.scraper | scrape_all | Загружено университетов: 264
2025-12-26 22:39:04,582 | INFO | src.core.scraper | scrape_university | 
 Обработка: Санкт-Петербургский университет технологий управления и экономики (1064)
2025-12-26 22:41:59,216 | INFO | src.core.scraper | scrape_all |  Начало скраппинга...
2025-12-26 22:41:59,220 | INFO | src.core.scraper | scrape_all | Загружено университетов: 264
2025-12-26 22:41:59,222 | INFO | src.core.scraper | scrape_university | 
 Обработка: Санкт-Петербургский университет технологий управления и экономики (1064)
2025-12-26 22:42:09,627 | INFO | src.core.scraper | scrape_university | 
 Обработка: Балтийский государственный технический университет «ВОЕНМЕХ» имени Д. Ф. Устинова (1069)
2025-12-26 22:42:28,182 | INFO | src.core.scraper | scrape_university | 
 Обработка: Государственный университет морского и речного флота имени адмирала С. О. Макарова (1082)
2025-12-26 22:42:37,044 | INFO | src.core.scraper | scrape_university | 
 Обработка: Санкт-Петербургский государственный аграрный университет (1085)
2025-12-26 22:42:46,190 | INFO | src.core.scraper | scrape_university | 
 Обработка: Санкт-Петербургский государственный университет ветеринарной медицины (1092)
2025-12-26 22:42:48,476 | INFO | src.core.scraper | scrape_university | 
 Обработка: Балтийская академия туризма и предпринимательства (1094)
2025-12-26 22:42:51,996 | INFO | src.core.scraper | scrape_university | 
 Обработка: Санкт-Петербургский государственный архитектурно-строительный университет (1108)
2025-12-26 22:43:06,841 | INFO | src.core.scraper | scrape_university | 
 Обработка: Санкт-Петербургская академия художеств имени Ильи Репина (1116)
2025-12-26 22:43:12,855 | INFO | src.core.scraper | scrape_university | 
 Обработка: Ленинградский государственный университет имени А. С. Пушкина (1122)
2025-12-26 22:43:31,118 | INFO | src.core.scraper | scrape_university | 
 Обработка: Российский государственный педагогический университет имени А. И. Герцена (1147)
2025-12-26 22:52:20,454 | INFO | src.core.scraper | scrape_all |  Начало скраппинга...
2025-12-26 22:52:20,457 | INFO | src.core.scraper | scrape_all | Загружено университетов: 264
2025-12-26 22:52:20,459 | INFO | src.core.scraper | scrape_university | 
 Обработка: Санкт-Петербургский университет технологий управления и экономики (1064)
2025-12-26 22:52:29,735 | INFO | src.core.scraper | scrape_university | 
 Обработка: Балтийский государственный технический университет «ВОЕНМЕХ» имени Д. Ф. Устинова (1069)
2025-12-26 22:52:47,686 | INFO | src.core.scraper | scrape_university | 
 Обработка: Государственный университет морского и речного флота имени адмирала С. О. Макарова (1082)
2025-12-26 22:52:56,529 | INFO | src.core.scraper | scrape_university | 
 Обработка: Санкт-Петербургский государственный аграрный университет (1085)
2025-12-26 22:53:05,728 | INFO | src.core.scraper | scrape_university | 
 Обработка: Санкт-Петербургский государственный университет ветеринарной медицины (1092)
2025-12-26 22:53:08,352 | INFO | src.core.scraper | scrape_university | 
 Обработка: Балтийская академия туризма и предпринимательства (1094)
2025-12-26 22:53:11,393 | INFO | src.core.scraper | scrape_university | 
 Обработка: Санкт-Петербургский государственный архитектурно-строительный университет (1108)
2025-12-26 22:53:26,436 | INFO | src.core.scraper | scrape_university | 
 Обработка: Санкт-Петербургская академия художеств имени Ильи Репина (1116)
2025-12-26 22:53:32,427 | INFO | src.core.scraper | scrape_university | 
 Обработка: Ленинградский государственный университет имени А. С. Пушкина (1122)
2025-12-26 22:53:47,882 | INFO | src.core.scraper | scrape_university | 
 Обработка: Российский государственный педагогический университет имени А. И. Герцена (1147)
2025-12-26 22:54:15,470 | INFO | src.core.scraper | scrape_university | 
 Обработка: Санкт-Петербургский государственный институт культуры (1172)
2025-12-26 22:54:24,124 | INFO | src.core.scraper | scrape_university | 
 Обработка: Санкт-Петербургский государственный экономический университет (1174)
2025-12-26 22:54:39,231 | INFO | src.core.scraper | scrape_university | 
 Обработка: Национальный исследовательский университет ИТМО (1189)
2025-12-26 22:54:51,747 | INFO | src.core.scraper | scrape_university | 
 Обработка: Санкт-Петербургский государственный лесотехнический университет им. С.М. Кирова (1210)
2025-12-26 22:55:03,237 | INFO | src.core.scraper | scrape_university | 
 Обработка: Санкт-Петербургский государственный институт кино и телевидения (1217)
2025-12-26 22:55:12,139 | INFO | src.core.scraper | scrape_university | 
 Обработка: Санкт-Петербургская государственная художественно-промышленная академия им. А. Л. Штиглица (1226)
2025-12-26 22:55:21,192 | INFO | src.core.scraper | scrape_university | 
 Обработка: Санкт-Петербургский государственный электротехнический университет «ЛЭТИ» им. В.И. Ульянов.. (1230)
2025-12-26 22:55:30,791 | INFO | src.core.scraper | scrape_university | 
 Обработка: Академия русского балета им. А. Я. Вагановой (1262)
2025-12-26 22:55:33,115 | INFO | src.core.scraper | scrape_university | 
 Обработка: Высшая школа народных искусств (Академия) (1265)
2025-12-26 22:55:36,422 | INFO | src.core.scraper | scrape_university | 
 Обработка: Санкт-Петербургский государственный химико-фармацевтический университет (1268)
2025-12-26 22:55:39,294 | INFO | src.core.scraper | scrape_university | 
 Обработка: Санкт-Петербургский политехнический университет Петра Великого (1271)
2025-12-26 22:56:25,437 | INFO | src.core.scraper | scrape_university | 
 Обработка: Санкт-Петербургский Гуманитарный университет профсоюзов (1286)
2025-12-26 22:56:40,017 | INFO | src.core.scraper | scrape_university | 
 Обработка: Северо-Западный государственный медицинский университет им. И. И. Мечникова (1293)
2025-12-26 22:56:42,406 | INFO | src.core.scraper | scrape_university | 
 Обработка: Санкт-Петербургский государственный университет телекоммуникаций им. проф. М.А.Бонч-Бруевича (1297)
2025-12-26 22:56:52,351 | INFO | src.core.scraper | scrape_university | 
 Обработка: Первый Санкт-Петербургский государственный медицинский университет имени академика И. П. П.. (1308)
2025-12-26 22:56:54,601 | INFO | src.core.scraper | scrape_university | 
 Обработка: Санкт-Петербургский государственный университет аэрокосмического приборостроения (1313)
2025-12-26 22:57:16,674 | INFO | src.core.scraper | scrape_university | 
 Обработка: Санкт-Петербургский государственный институт психологии и социальной работы (1332)
2025-12-26 22:57:19,051 | INFO | src.core.scraper | scrape_university | 
 Обработка: Санкт-Петербургский государственный университет гражданской авиации (1335)
2025-12-26 22:57:28,072 | INFO | src.core.scraper | scrape_university | 
 Обработка: Санкт-Петербургский национальный исследовательский Академический университет имени Ж.И. Ал.. (1341)
2025-12-26 22:57:31,089 | INFO | src.core.scraper | scrape_university | 
 Обработка: Санкт-Петербургский государственный университет промышленных технологий и дизайна (1342)
2025-12-26 22:58:07,535 | INFO | src.core.scraper | scrape_university | 
 Обработка: Военно-морская академия имени адмирала флота Советского Союза Н. Г. Кузнецова (1354)
2025-12-26 22:58:10,186 | INFO | src.core.scraper | scrape_university | 
 Обработка: Военная академия материально-технического обеспечения  им. генерала армии А.В. Хрулёва (1360)
2025-12-26 22:58:13,435 | INFO | src.core.scraper | scrape_university | 
 Обработка: Санкт-Петербургский университет государственной противопожарной службы МЧС России (1362)
2025-12-26 22:58:19,337 | INFO | src.core.scraper | scrape_university | 
 Обработка: Военная ордена Жукова академия войск национальной гвардии Российской Федерации (1372)
2025-12-26 22:58:22,300 | INFO | src.core.scraper | scrape_university | 
 Обработка: Санкт-Петербургский государственный технологический институт (технический университет) (1382)
2025-12-26 22:58:40,431 | INFO | src.core.scraper | scrape_university | 
 Обработка: Санкт-Петербургская православная духовная академия (1391)
2025-12-26 22:58:43,234 | INFO | src.core.scraper | scrape_university | 
 Обработка: Военный инженерно-технический институт Военной академии материально-технического обеспечен.. (1415)
2025-12-26 22:58:46,015 | INFO | src.core.scraper | scrape_university | 
 Обработка: Университет при Межпарламентской Ассамблее Евразийского экономического сообщества (1436)
2025-12-26 22:58:58,211 | INFO | src.core.scraper | scrape_university | 
 Обработка: Санкт-Петербургский институт экономики и управления (1455)
2025-12-26 22:59:04,167 | INFO | src.core.scraper | scrape_university | 
 Обработка: Петербургский государственный университет путей сообщения императора Александра I (1457)
2025-12-26 22:59:19,303 | INFO | src.core.scraper | scrape_university | 
 Обработка: Санкт-Петербургская юридическая академия (1461)
2025-12-26 22:59:22,417 | INFO | src.core.scraper | scrape_university | 
 Обработка: Международный банковский институт имени Анатолия Собчака (1464)
2025-12-26 22:59:28,261 | INFO | src.core.scraper | scrape_university | 
 Обработка: Санкт-Петербургский государственный педиатрический медицинский университет (1466)
2025-12-26 22:59:30,982 | INFO | src.core.scraper | scrape_university | 
 Обработка: Национальный государственный университет физической культуры, cпорта и здоровья имени П. Ф.. (1492)
2025-12-26 22:59:37,421 | INFO | src.core.scraper | scrape_university | 
 Обработка: Академия Достоевского (РХГА) (1495)
2025-12-26 22:59:40,569 | INFO | src.core.scraper | scrape_university | 
 Обработка: Российский государственный гидрометеорологический университет (1499)
2025-12-26 22:59:49,704 | INFO | src.core.scraper | scrape_university | 
 Обработка: Балтийский гуманитарный институт (1501)
2025-12-26 22:59:52,270 | INFO | src.core.scraper | scrape_university | 
 Обработка: Северо-Западный университет (1536)
2025-12-26 22:59:58,350 | INFO | src.core.scraper | scrape_university | 
 Обработка: Российский государственный институт сценических искусств (1539)
2025-12-26 23:00:04,446 | INFO | src.core.scraper | scrape_university | 
 Обработка: Национальный открытый институт (1548)
2025-12-26 23:00:07,417 | INFO | src.core.scraper | scrape_university | 
 Обработка: Военный институт (военно-морской) Военно-морской академии имени адмирала флота Советского .. (1557)
2025-12-26 23:00:10,341 | INFO | src.core.scraper | scrape_university | 
 Обработка: Национальный исследовательский университет «Высшая школа экономики» — Санкт-Петербург (3953)
2025-12-26 23:00:19,283 | INFO | src.core.scraper | scrape_university | 
 Обработка: Санкт-Петербургский институт (филиал) Всероссийского государственного университета юстиции.. (3973)
2025-12-26 23:00:22,155 | INFO | src.core.scraper | scrape_university | 
 Обработка: Санкт-Петербургский филиал Финансового университета при Правительстве Российской Федерации (4090)
2025-12-26 23:00:25,137 | INFO | src.core.scraper | scrape_university | 
 Обработка: РАНХиГС Санкт-Петербург (4312)
2025-12-26 23:00:34,207 | INFO | src.core.scraper | scrape_university | 
 Обработка: Санкт-Петербургский филиал РТА им. В.Б. Бобкова (4715)
2025-12-26 23:00:36,846 | INFO | src.core.scraper | scrape_university | 
 Обработка: Северо-Западный филиал Российского государственного университета правосудия (4741)
2025-12-26 23:00:40,416 | INFO | src.core.scraper | scrape_university | 
 Обработка: Университет РЕАВИЗ (5313)
2025-12-26 23:00:43,003 | INFO | src.core.scraper | scrape_university | 
 Обработка: Санкт-Петербургский юридический институт (5368)
2025-12-26 23:00:46,215 | INFO | src.core.scraper | scrape_university | 
 Обработка: Ивангородский гуманитарно-технический институт (филиал) ГУАП (5502)
2025-12-26 23:00:49,526 | INFO | src.core.scraper | scrape_university | 
 Обработка: Национальный медицинский исследовательский центр им. В. А. Алмазова (5534)
2025-12-26 23:00:52,055 | INFO | src.core.scraper | scrape_university | 
 Обработка: Восточно-Европейский Институт психоанализа (5573)
2025-12-26 23:00:55,364 | INFO | src.core.scraper | scrape_university | 
 Обработка: Санкт-Петербургская государственная консерватория имени Н.А. Римского-Корсакова (6561)
2025-12-26 23:01:07,353 | INFO | src.core.scraper | scrape_university | 
 Обработка: Ломоносовский институт (филиал) Ленинградского государственного университета имени А.С. Пу.. (6665)
2025-12-26 23:01:10,416 | INFO | src.core.scraper | scrape_university | 
 Обработка: Художественно-технический институт (7178)
2025-12-26 23:02:11,754 | INFO | src.core.scraper | scrape_all |  Начало скраппинга...
2025-12-26 23:02:11,758 | INFO | src.core.scraper | scrape_all | Загружено университетов: 264
2025-12-26 23:02:11,760 | INFO | src.core.scraper | scrape_university | 
 Обработка: Санкт-Петербургский университет технологий управления и экономики (1064)
2025-12-26 23:02:21,002 | INFO | src.core.scraper | scrape_university | 
 Обработка: Балтийский государственный технический университет «ВОЕНМЕХ» имени Д. Ф. Устинова (1069)
2025-12-26 23:02:39,129 | INFO | src.core.scraper | scrape_university | 
 Обработка: Государственный университет морского и речного флота имени адмирала С. О. Макарова (1082)
2025-12-26 23:02:48,025 | INFO | src.core.scraper | scrape_university | 
 Обработка: Санкт-Петербургский государственный аграрный университет (1085)
2025-12-26 23:02:57,113 | INFO | src.core.scraper | scrape_university | 
 Обработка: Санкт-Петербургский государственный университет ветеринарной медицины (1092)
2025-12-26 23:02:59,805 | INFO | src.core.scraper | scrape_university | 
 Обработка: Балтийская академия туризма и предпринимательства (1094)
2025-12-26 23:03:03,173 | INFO | src.core.scraper | scrape_university | 
 Обработка: Санкт-Петербургский государственный архитектурно-строительный университет (1108)
2025-12-26 23:03:18,111 | INFO | src.core.scraper | scrape_university | 
 Обработка: Санкт-Петербургская академия художеств имени Ильи Репина (1116)
2025-12-26 23:03:24,183 | INFO | src.core.scraper | scrape_university | 
 Обработка: Ленинградский государственный университет имени А. С. Пушкина (1122)
2025-12-26 23:03:39,620 | INFO | src.core.scraper | scrape_university | 
 Обработка: Российский государственный педагогический университет имени А. И. Герцена (1147)
2025-12-26 23:04:06,592 | INFO | src.core.scraper | scrape_university | 
 Обработка: Санкт-Петербургский государственный институт культуры (1172)
2025-12-26 23:04:15,329 | INFO | src.core.scraper | scrape_university | 
 Обработка: Санкт-Петербургский государственный экономический университет (1174)
2025-12-26 23:04:30,477 | INFO | src.core.scraper | scrape_university | 
 Обработка: Национальный исследовательский университет ИТМО (1189)
2025-12-26 23:04:42,771 | INFO | src.core.scraper | scrape_university | 
 Обработка: Санкт-Петербургский государственный лесотехнический университет им. С.М. Кирова (1210)
2025-12-26 23:04:54,282 | INFO | src.core.scraper | scrape_university | 
 Обработка: Санкт-Петербургский государственный институт кино и телевидения (1217)
2025-12-26 23:05:03,331 | INFO | src.core.scraper | scrape_university | 
 Обработка: Санкт-Петербургская государственная художественно-промышленная академия им. А. Л. Штиглица (1226)
2025-12-26 23:05:12,393 | INFO | src.core.scraper | scrape_university | 
 Обработка: Санкт-Петербургский государственный электротехнический университет «ЛЭТИ» им. В.И. Ульянов.. (1230)
2025-12-26 23:05:21,524 | INFO | src.core.scraper | scrape_university | 
 Обработка: Академия русского балета им. А. Я. Вагановой (1262)
2025-12-26 23:05:24,378 | INFO | src.core.scraper | scrape_university | 
 Обработка: Высшая школа народных искусств (Академия) (1265)
2025-12-26 23:05:27,508 | INFO | src.core.scraper | scrape_university | 
 Обработка: Санкт-Петербургский государственный химико-фармацевтический университет (1268)
2025-12-26 23:06:42,308 | INFO | src.core.scraper | scrape_all |  Начало скраппинга...
2025-12-26 23:06:42,311 | INFO | src.core.scraper | scrape_all | Загружено университетов: 264
2025-12-26 23:06:42,313 | INFO | src.core.scraper | scrape_university | 
 Обработка: Санкт-Петербургский университет технологий управления и экономики (1064)
2025-12-26 23:06:51,524 | INFO | src.core.scraper | scrape_university | 
 Обработка: Балтийский государственный технический университет «ВОЕНМЕХ» имени Д. Ф. Устинова (1069)
2025-12-26 23:07:09,543 | INFO | src.core.scraper | scrape_university | 
 Обработка: Государственный университет морского и речного флота имени адмирала С. О. Макарова (1082)
2025-12-26 23:07:18,401 | INFO | src.core.scraper | scrape_university | 
 Обработка: Санкт-Петербургский государственный аграрный университет (1085)
2025-12-26 23:07:27,558 | INFO | src.core.scraper | scrape_university | 
 Обработка: Санкт-Петербургский государственный университет ветеринарной медицины (1092)
2025-12-26 23:07:30,230 | INFO | src.core.scraper | scrape_university | 
 Обработка: Балтийская академия туризма и предпринимательства (1094)
2025-12-26 23:07:33,263 | INFO | src.core.scraper | scrape_university | 
 Обработка: Санкт-Петербургский государственный архитектурно-строительный университет (1108)
2025-12-26 23:08:46,955 | INFO | src.core.scraper | scrape_all |  Начало скраппинга...
2025-12-26 23:08:46,956 | ERROR | src.core.scraper | scrape_all |  Ошибка чтения CSV: No columns to parse from file
2025-12-26 23:13:09,862 | INFO | src.core.scraper | scrape_all |  Начало скраппинга...
2025-12-26 23:13:09,864 | ERROR | src.core.scraper | scrape_all |  Ошибка чтения CSV: No columns to parse from file
2025-12-26 23:13:09,866 | INFO | src.gui.main_window | scraping_worker | {"'faculty'"}
2025-12-26 23:19:33,934 | INFO | src.core.scraper | scrape_all |  Начало скраппинга...
2025-12-26 23:19:33,935 | ERROR | src.core.scraper | scrape_all |  Ошибка чтения CSV: No columns to parse from file
2025-12-26 23:22:24,842 | INFO | src.core.scraper | scrape_all |  Начало скраппинга...
2025-12-26 23:22:24,852 | INFO | src.core.scraper | scrape_all | Загружено университетов: 2
2025-12-26 23:22:24,853 | INFO | src.core.scraper | scrape_university | 
 Обработка: Санкт-Петербургский университет технологий управления и экономики (1064)
2025-12-26 23:22:34,496 | INFO | src.core.scraper | scrape_university | 
 Обработка: Балтийский государственный технический университет «ВОЕНМЕХ» имени Д. Ф. Устинова (1069)
2025-12-26 23:22:52,802 | INFO | src.core.scraper | scrape_all | 
============================================================
2025-12-26 23:22:52,802 | INFO | src.core.scraper | scrape_all | ✅ Скраппинг завершён!
2025-12-26 23:22:52,803 | INFO | src.core.scraper | scrape_all |  Всего сохранено программ: 85
2025-12-26 23:22:52,803 | INFO | src.core.scraper | scrape_all | Ошибок: 0
2025-12-26 23:22:52,803 | INFO | src.core.scraper | scrape_all |  Время выполнения: 28.0 сек (0.5 мин)
2025-12-26 23:32:53,006 | INFO | src.core.scraper | scrape_all |  Начало скраппинга...
2025-12-26 23:32:53,020 | INFO | src.core.scraper | scrape_all | Загружено университетов: 2
2025-12-26 23:32:53,024 | INFO | src.core.scraper | scrape_university | 
 Обработка: Санкт-Петербургский университет технологий управления и экономики (1064)
2025-12-26 23:33:02,154 | INFO | src.core.scraper | scrape_university | 
 Обработка: Балтийский государственный технический университет «ВОЕНМЕХ» имени Д. Ф. Устинова (1069)
2025-12-26 23:33:20,234 | INFO | src.core.scraper | scrape_all | 
============================================================
2025-12-26 23:33:20,234 | INFO | src.core.scraper | scrape_all | ✅ Скраппинг завершён!
2025-12-26 23:33:20,234 | INFO | src.core.scraper | scrape_all |  Всего сохранено программ: 85
2025-12-26 23:33:20,235 | INFO | src.core.scraper | scrape_all | Ошибок: 0
2025-12-26 23:33:20,235 | INFO | src.core.scraper | scrape_all |  Время выполнения: 27.2 сек (0.5 мин)
2025-12-26 23:36:16,835 | INFO | src.core.scraper | scrape_all |  Начало скраппинга...
2025-12-26 23:36:16,838 | INFO | src.core.scraper | scrape_all | Загружено университетов: 2
2025-12-26 23:36:16,840 | INFO | src.core.scraper | scrape_university | 
 Обработка: Санкт-Петербургский университет технологий управления и экономики (1064)
2025-12-26 23:36:26,032 | INFO | src.core.scraper | scrape_university | 
 Обработка: Балтийский государственный технический университет «ВОЕНМЕХ» имени Д. Ф. Устинова (1069)
2025-12-26 23:36:44,221 | INFO | src.core.scraper | scrape_all | 
============================================================
2025-12-26 23:36:44,221 | INFO | src.core.scraper | scrape_all | ✅ Скраппинг завершён!
2025-12-26 23:36:44,222 | INFO | src.core.scraper | scrape_all |  Всего сохранено программ: 85
2025-12-26 23:36:44,222 | INFO | src.core.scraper | scrape_all | Ошибок: 0
2025-12-26 23:36:44,222 | INFO | src.core.scraper | scrape_all |  Время выполнения: 27.4 сек (0.5 мин)
2025-12-27 00:37:12,579 | INFO | src.core.scraper | scrape_all |  Начало скраппинга...
2025-12-27 00:37:15,782 | INFO | src.core.scraper | scrape_university |   Страница 1/3: сохранено 10 программ
2025-12-27 00:37:18,592 | INFO | src.core.scraper | scrape_university |   Страница 2/3: сохранено 10 программ
2025-12-27 00:37:21,858 | INFO | src.core.scraper | scrape_university |   Страница 3/3: сохранено 9 программ
2025-12-27 00:37:21,858 | INFO | src.core.scraper | scrape_university |   Итого по вузу: 29 программ
2025-12-27 00:37:24,687 | INFO | src.core.scraper | scrape_university |   Страница 1/6: сохранено 10 программ
2025-12-27 00:37:27,673 | INFO | src.core.scraper | scrape_university |   Страница 2/6: сохранено 10 программ
2025-12-27 00:37:30,662 | INFO | src.core.scraper | scrape_university |   Страница 3/6: сохранено 10 программ
2025-12-27 00:37:33,608 | INFO | src.core.scraper | scrape_university |   Страница 4/6: сохранено 10 программ
2025-12-27 00:37:36,655 | INFO | src.core.scraper | scrape_university |   Страница 5/6: сохранено 10 программ
2025-12-27 00:37:40,127 | INFO | src.core.scraper | scrape_university |   Страница 6/6: сохранено 6 программ
2025-12-27 00:37:40,127 | INFO | src.core.scraper | scrape_university |   Итого по вузу: 56 программ
2025-12-27 00:37:40,172 | INFO | src.core.scraper | scrape_all | Ошибок: 0
2025-12-27 00:37:50,874 | INFO | src.core.scraper | scrape_all |  Начало скраппинга...
2025-12-27 00:37:53,889 | INFO | src.core.scraper | scrape_university |   Страница 1/3: сохранено 10 программ
2025-12-27 00:37:57,071 | INFO | src.core.scraper | scrape_university |   Страница 2/3: сохранено 10 программ
2025-12-27 00:38:00,449 | INFO | src.core.scraper | scrape_university |   Страница 3/3: сохранено 9 программ
2025-12-27 00:38:00,449 | INFO | src.core.scraper | scrape_university |   Итого по вузу: 29 программ
2025-12-27 00:38:03,219 | INFO | src.core.scraper | scrape_university |   Страница 1/6: сохранено 10 программ
2025-12-27 00:38:06,201 | INFO | src.core.scraper | scrape_university |   Страница 2/6: сохранено 10 программ
2025-12-27 00:38:09,192 | INFO | src.core.scraper | scrape_university |   Страница 3/6: сохранено 10 программ
2025-12-27 00:38:12,200 | INFO | src.core.scraper | scrape_university |   Страница 4/6: сохранено 10 программ
2025-12-27 00:38:15,090 | INFO | src.core.scraper | scrape_university |   Страница 5/6: сохранено 10 программ
2025-12-27 00:38:18,542 | INFO | src.core.scraper | scrape_university |   Страница 6/6: сохранено 6 программ
2025-12-27 00:38:18,542 | INFO | src.core.scraper | scrape_university |   Итого по вузу: 56 программ
2025-12-27 00:38:18,548 | INFO | src.core.scraper | scrape_all | Ошибок: 0
2025-12-27 00:41:25,207 | INFO | src.core.scraper | scrape_all |  Начало скраппинга...
2025-12-27 00:41:28,551 | INFO | src.core.scraper | scrape_university |   Страница 1/3: сохранено 10 программ
2025-12-27 00:41:31,425 | INFO | src.core.scraper | scrape_university |   Страница 2/3: сохранено 10 программ
2025-12-27 00:41:34,729 | INFO | src.core.scraper | scrape_university |   Страница 3/3: сохранено 9 программ
2025-12-27 00:41:34,729 | INFO | src.core.scraper | scrape_university |   Итого по вузу: 29 программ
2025-12-27 00:41:37,088 | INFO | src.core.scraper | scrape_university |   Страница 1/6: сохранено 10 программ
2025-12-27 00:41:40,370 | INFO | src.core.scraper | scrape_university |   Страница 2/6: сохранено 10 программ
2025-12-27 00:41:43,329 | INFO | src.core.scraper | scrape_university |   Страница 3/6: сохранено 10 программ
2025-12-27 00:41:46,331 | INFO | src.core.scraper | scrape_university |   Страница 4/6: сохранено 10 программ
2025-12-27 00:41:49,581 | INFO | src.core.scraper | scrape_university |   Страница 5/6: сохранено 10 программ
2025-12-27 00:41:52,682 | INFO | src.core.scraper | scrape_university |   Страница 6/6: сохранено 6 программ
2025-12-27 00:41:52,682 | INFO | src.core.scraper | scrape_university |   Итого по вузу: 56 программ
2025-12-27 00:41:52,729 | INFO | src.core.scraper | scrape_all | Ошибок: 0
